<?xml version="1.0" encoding="utf-8"?><testsuites name="pytest tests"><testsuite name="pytest" errors="0" failures="1" skipped="0" tests="16" time="6.102" timestamp="2026-03-09T16:44:44.355019+00:00" hostname="agent-env-e5fb5f6f-4497-4be3-ba09-9133b83c7f0f"><testcase classname="backend.tests.test_member_portal.TestMemberPortalAuth" name="test_member_login_success" time="0.451" /><testcase classname="backend.tests.test_member_portal.TestMemberPortalAuth" name="test_member_login_invalid_credentials" time="0.356" /><testcase classname="backend.tests.test_member_portal.TestMemberPortalAuth" name="test_member_login_nonexistent_email" time="0.169" /><testcase classname="backend.tests.test_member_portal.TestMemberPortalAuth" name="test_member_register_already_exists" time="0.118" /><testcase classname="backend.tests.test_member_portal.TestMemberPortalAuth" name="test_member_register_not_in_system" time="0.134" /><testcase classname="backend.tests.test_member_portal.TestMemberPortalProfile" name="test_get_member_profile" time="0.396" /><testcase classname="backend.tests.test_member_portal.TestMemberPortalInvoices" name="test_get_member_invoices" time="0.449" /><testcase classname="backend.tests.test_member_portal.TestMemberPortalBookings" name="test_get_available_rooms" time="0.433" /><testcase classname="backend.tests.test_member_portal.TestMemberPortalBookings" name="test_check_room_availability_10am_to_6pm" time="0.434" /><testcase classname="backend.tests.test_member_portal.TestMemberPortalBookings" name="test_get_member_bookings" time="0.408" /><testcase classname="backend.tests.test_member_portal.TestMemberPortalTickets" name="test_get_member_tickets" time="0.385" /><testcase classname="backend.tests.test_member_portal.TestMemberPortalTickets" name="test_create_member_ticket" time="0.398" /><testcase classname="backend.tests.test_member_portal.TestMemberPortalAnnouncements" name="test_get_announcements" time="0.412" /><testcase classname="backend.tests.test_member_portal.TestMemberPortalSecurity" name="test_member_cannot_create_admin_member" time="0.422" /><testcase classname="backend.tests.test_member_portal.TestMemberPortalSecurity" name="test_member_cannot_access_admin_users" time="0.482"><failure message="assert 404 == 401&#10; +  where 404 = &lt;Response [404]&gt;.status_code">backend/tests/test_member_portal.py:306: in test_member_cannot_access_admin_users
    assert response.status_code == 401
E   assert 404 == 401
E    +  where 404 = &lt;Response [404]&gt;.status_code</failure></testcase><testcase classname="backend.tests.test_member_portal.TestMemberPortalSecurity" name="test_member_cannot_delete_members" time="0.426" /></testsuite></testsuites>