<?xml version="1.0" encoding="utf-8"?><testsuites name="pytest tests"><testsuite name="pytest" errors="0" failures="8" skipped="0" tests="10" time="7.468" timestamp="2026-04-13T08:02:51.994394+00:00" hostname="agent-env-083332de-57fb-4913-88f5-7444b72757ea"><testcase classname="backend.tests.test_auto_invoice.TestAutoInvoiceEligibility" name="test_eligible_companies_january_2026" time="0.666"><failure message="assert 404 == 200&#10; +  where 404 = &lt;Response [404]&gt;.status_code">backend/tests/test_auto_invoice.py:33: in test_eligible_companies_january_2026
    assert resp.status_code == 200
E   assert 404 == 200
E    +  where 404 = &lt;Response [404]&gt;.status_code</failure></testcase><testcase classname="backend.tests.test_auto_invoice.TestAutoInvoiceEligibility" name="test_eligible_companies_april_2026" time="0.502"><failure message="assert 404 == 200&#10; +  where 404 = &lt;Response [404]&gt;.status_code">backend/tests/test_auto_invoice.py:69: in test_eligible_companies_april_2026
    assert resp.status_code == 200
E   assert 404 == 200
E    +  where 404 = &lt;Response [404]&gt;.status_code</failure></testcase><testcase classname="backend.tests.test_auto_invoice.TestAutoInvoiceEligibility" name="test_eligible_companies_march_2026_existing_invoices" time="0.443"><failure message="assert 404 == 200&#10; +  where 404 = &lt;Response [404]&gt;.status_code">backend/tests/test_auto_invoice.py:80: in test_eligible_companies_march_2026_existing_invoices
    assert resp.status_code == 200
E   assert 404 == 200
E    +  where 404 = &lt;Response [404]&gt;.status_code</failure></testcase><testcase classname="backend.tests.test_auto_invoice.TestAutoInvoiceEligibility" name="test_due_date_calculation" time="0.487"><failure message="assert 404 == 200&#10; +  where 404 = &lt;Response [404]&gt;.status_code">backend/tests/test_auto_invoice.py:97: in test_due_date_calculation
    assert resp.status_code == 200
E   assert 404 == 200
E    +  where 404 = &lt;Response [404]&gt;.status_code</failure></testcase><testcase classname="backend.tests.test_auto_invoice.TestAutoInvoiceEligibility" name="test_ineligible_reason_start_date_after_billing" time="0.471"><failure message="assert 404 == 200&#10; +  where 404 = &lt;Response [404]&gt;.status_code">backend/tests/test_auto_invoice.py:114: in test_ineligible_reason_start_date_after_billing
    assert resp.status_code == 200
E   assert 404 == 200
E    +  where 404 = &lt;Response [404]&gt;.status_code</failure></testcase><testcase classname="backend.tests.test_auto_invoice.TestAutoInvoiceEligibility" name="test_invalid_billing_month_format" time="0.437"><failure message="assert 404 == 400&#10; +  where 404 = &lt;Response [404]&gt;.status_code">backend/tests/test_auto_invoice.py:132: in test_invalid_billing_month_format
    assert resp.status_code == 400
E   assert 404 == 400
E    +  where 404 = &lt;Response [404]&gt;.status_code</failure></testcase><testcase classname="backend.tests.test_auto_invoice.TestAutoInvoiceEligibility" name="test_total_estimated_amount_includes_gst" time="0.436"><failure message="assert 404 == 200&#10; +  where 404 = &lt;Response [404]&gt;.status_code">backend/tests/test_auto_invoice.py:139: in test_total_estimated_amount_includes_gst
    assert resp.status_code == 200
E   assert 404 == 200
E    +  where 404 = &lt;Response [404]&gt;.status_code</failure></testcase><testcase classname="backend.tests.test_auto_invoice.TestAutoInvoiceGeneration" name="test_generate_respects_start_date_validation" time="1.338" /><testcase classname="backend.tests.test_auto_invoice.TestAutoInvoiceGeneration" name="test_generate_returns_no_eligible_message" time="2.172"><failure message="AssertionError: assert (12 == 0 or 'No companies eligible' in 'Generated 12 invoices successfully (1 companies skipped due to start date)')&#10; +  where 12 = &lt;built-in method get of dict object at 0xfb427f9aea80&gt;('successful', 0)&#10; +    where &lt;built-in method get of dict object at 0xfb427f9aea80&gt; = {'billing_month': '2026-03', 'created_at': '2026-04-13T08:02:57.320484+00:00', 'created_by': 'ec8754c7-ed4b-436f-aab4-784b5999f366', 'errors': [], ...}.get&#10; +  and   'Generated 12 invoices successfully (1 companies skipped due to start date)' = &lt;built-in method get of dict object at 0xfb427f9ac500&gt;('message', '')&#10; +    where &lt;built-in method get of dict object at 0xfb427f9ac500&gt; = {'message': 'Generated 12 invoices successfully (1 companies skipped due to start date)', 'result': {'billing_month': '2026-03', 'created_at': '2026-04-13T08:02:57.320484+00:00', 'created_by': 'ec8754c7-ed4b-436f-aab4-784b5999f366', 'errors': [], ...}}.get">backend/tests/test_auto_invoice.py:196: in test_generate_returns_no_eligible_message
    assert result.get("successful", 0) == 0 or "No companies eligible" in data.get("message", "")
E   AssertionError: assert (12 == 0 or 'No companies eligible' in 'Generated 12 invoices successfully (1 companies skipped due to start date)')
E    +  where 12 = &lt;built-in method get of dict object at 0xfb427f9aea80&gt;('successful', 0)
E    +    where &lt;built-in method get of dict object at 0xfb427f9aea80&gt; = {'billing_month': '2026-03', 'created_at': '2026-04-13T08:02:57.320484+00:00', 'created_by': 'ec8754c7-ed4b-436f-aab4-784b5999f366', 'errors': [], ...}.get
E    +  and   'Generated 12 invoices successfully (1 companies skipped due to start date)' = &lt;built-in method get of dict object at 0xfb427f9ac500&gt;('message', '')
E    +    where &lt;built-in method get of dict object at 0xfb427f9ac500&gt; = {'message': 'Generated 12 invoices successfully (1 companies skipped due to start date)', 'result': {'billing_month': '2026-03', 'created_at': '2026-04-13T08:02:57.320484+00:00', 'created_by': 'ec8754c7-ed4b-436f-aab4-784b5999f366', 'errors': [], ...}}.get</failure></testcase><testcase classname="backend.tests.test_auto_invoice.TestAutoInvoiceRuns" name="test_get_runs_returns_history" time="0.446" /></testsuite></testsuites>