<?xml version="1.0" encoding="utf-8"?><testsuites name="pytest tests"><testsuite name="pytest" errors="0" failures="0" skipped="0" tests="15" time="9.021" timestamp="2026-04-01T08:36:14.566807+00:00" hostname="agent-env-083332de-57fb-4913-88f5-7444b72757ea"><testcase classname="tests.test_pdf_generation.TestPDFGeneration" name="test_api_health" time="0.402" /><testcase classname="tests.test_pdf_generation.TestPDFGeneration" name="test_pdf_download_endpoint_returns_200" time="1.627" /><testcase classname="tests.test_pdf_generation.TestPDFGeneration" name="test_pdf_download_content_type" time="1.655" /><testcase classname="tests.test_pdf_generation.TestPDFGeneration" name="test_pdf_download_valid_pdf_header" time="1.620" /><testcase classname="tests.test_pdf_generation.TestPDFGeneration" name="test_pdf_download_has_content_disposition" time="1.660" /><testcase classname="tests.test_pdf_generation.TestPDFGeneration" name="test_pdf_download_nonexistent_invoice_returns_404" time="0.383" /><testcase classname="tests.test_pdf_generation.TestPDFGeneration" name="test_pdf_has_reasonable_size" time="1.621" /><testcase classname="tests.test_pdf_generation.TestBackendImports" name="test_server_imports_no_reportlab" time="0.001" /><testcase classname="tests.test_pdf_generation.TestBackendImports" name="test_auto_invoice_imports_no_reportlab" time="0.000" /><testcase classname="tests.test_pdf_generation.TestBackendImports" name="test_pdf_generator_uses_weasyprint" time="0.000" /><testcase classname="tests.test_pdf_generation.TestBackendImports" name="test_auto_invoice_uses_pdf_generator" time="0.000" /><testcase classname="tests.test_pdf_generation.TestBackendImports" name="test_auto_invoice_generate_pdf_content_is_sync" time="0.000" /><testcase classname="tests.test_pdf_generation.TestInvoiceViewFrontend" name="test_print_button_onclick_syntax" time="0.000" /><testcase classname="tests.test_pdf_generation.TestInvoiceViewFrontend" name="test_use_react_to_print_with_content_ref" time="0.000" /><testcase classname="tests.test_pdf_generation.TestInvoiceViewFrontend" name="test_print_ref_attached_to_invoice_preview" time="0.000" /></testsuite></testsuites>