<?xml version="1.0" encoding="utf-8"?><testsuites name="pytest tests"><testsuite name="pytest" errors="0" failures="0" skipped="0" tests="16" time="5.231" timestamp="2026-04-01T19:30:53.255364+00:00" hostname="agent-env-083332de-57fb-4913-88f5-7444b72757ea"><testcase classname="tests.test_pdf_generation.TestPDFGeneration" name="test_api_health" time="0.517" /><testcase classname="tests.test_pdf_generation.TestPDFGeneration" name="test_pdf_download_endpoint_returns_200" time="0.890" /><testcase classname="tests.test_pdf_generation.TestPDFGeneration" name="test_pdf_download_content_type" time="0.644" /><testcase classname="tests.test_pdf_generation.TestPDFGeneration" name="test_pdf_download_valid_pdf_header" time="0.660" /><testcase classname="tests.test_pdf_generation.TestPDFGeneration" name="test_pdf_download_has_content_disposition_attachment" time="0.679" /><testcase classname="tests.test_pdf_generation.TestPDFGeneration" name="test_pdf_download_nonexistent_invoice_returns_404" time="0.397" /><testcase classname="tests.test_pdf_generation.TestPDFGeneration" name="test_pdf_has_reasonable_size" time="0.707" /><testcase classname="tests.test_pdf_generation.TestBackendImports" name="test_server_imports_no_reportlab" time="0.002" /><testcase classname="tests.test_pdf_generation.TestBackendImports" name="test_server_imports_no_weasyprint" time="0.001" /><testcase classname="tests.test_pdf_generation.TestBackendImports" name="test_pdf_generator_uses_fpdf2" time="0.000" /><testcase classname="tests.test_pdf_generation.TestBackendImports" name="test_pdf_generator_has_generate_pdf_from_html" time="0.000" /><testcase classname="tests.test_pdf_generation.TestFrontendPDFHandlers" name="test_download_uses_fetch_blob_approach" time="0.000" /><testcase classname="tests.test_pdf_generation.TestFrontendPDFHandlers" name="test_print_uses_window_open" time="0.000" /><testcase classname="tests.test_pdf_generation.TestFrontendPDFHandlers" name="test_download_button_has_testid" time="0.000" /><testcase classname="tests.test_pdf_generation.TestFrontendPDFHandlers" name="test_print_button_has_testid" time="0.000" /><testcase classname="tests.test_pdf_generation.TestPDFContent" name="test_pdf_is_valid_and_complete" time="0.657" /></testsuite></testsuites>