<?xml version="1.0" encoding="utf-8"?><testsuites name="pytest tests"><testsuite name="pytest" errors="0" failures="0" skipped="0" tests="16" time="6.054" timestamp="2026-03-09T16:45:42.541314+00:00" hostname="agent-env-e5fb5f6f-4497-4be3-ba09-9133b83c7f0f"><testcase classname="backend.tests.test_member_portal.TestMemberPortalAuth" name="test_member_login_success" time="0.537" /><testcase classname="backend.tests.test_member_portal.TestMemberPortalAuth" name="test_member_login_invalid_credentials" time="0.433" /><testcase classname="backend.tests.test_member_portal.TestMemberPortalAuth" name="test_member_login_nonexistent_email" time="0.143" /><testcase classname="backend.tests.test_member_portal.TestMemberPortalAuth" name="test_member_register_already_exists" time="0.120" /><testcase classname="backend.tests.test_member_portal.TestMemberPortalAuth" name="test_member_register_not_in_system" time="0.120" /><testcase classname="backend.tests.test_member_portal.TestMemberPortalProfile" name="test_get_member_profile" time="0.426" /><testcase classname="backend.tests.test_member_portal.TestMemberPortalInvoices" name="test_get_member_invoices" time="0.394" /><testcase classname="backend.tests.test_member_portal.TestMemberPortalBookings" name="test_get_available_rooms" time="0.430" /><testcase classname="backend.tests.test_member_portal.TestMemberPortalBookings" name="test_check_room_availability_10am_to_6pm" time="0.473" /><testcase classname="backend.tests.test_member_portal.TestMemberPortalBookings" name="test_get_member_bookings" time="0.407" /><testcase classname="backend.tests.test_member_portal.TestMemberPortalTickets" name="test_get_member_tickets" time="0.391" /><testcase classname="backend.tests.test_member_portal.TestMemberPortalTickets" name="test_create_member_ticket" time="0.412" /><testcase classname="backend.tests.test_member_portal.TestMemberPortalAnnouncements" name="test_get_announcements" time="0.443" /><testcase classname="backend.tests.test_member_portal.TestMemberPortalSecurity" name="test_member_cannot_create_admin_member" time="0.411" /><testcase classname="backend.tests.test_member_portal.TestMemberPortalSecurity" name="test_member_cannot_access_admin_users" time="0.410" /><testcase classname="backend.tests.test_member_portal.TestMemberPortalSecurity" name="test_member_cannot_delete_members" time="0.433" /></testsuite></testsuites>