<?xml version="1.0" encoding="utf-8"?><testsuites name="pytest tests"><testsuite name="pytest" errors="0" failures="0" skipped="2" tests="10" time="4.781" timestamp="2026-03-13T10:28:12.483804+00:00" hostname="agent-env-f1898965-5c13-4f60-92cb-0453606e1172"><testcase classname="backend.tests.test_meeting_credits.TestAdminCompanyCredits" name="test_get_companies_list_has_credits_fields" time="0.671" /><testcase classname="backend.tests.test_meeting_credits.TestAdminCompanyCredits" name="test_get_company_by_id_returns_credits_fields" time="0.489" /><testcase classname="backend.tests.test_meeting_credits.TestAdminCompanyCredits" name="test_get_company_credits_endpoint" time="0.463" /><testcase classname="backend.tests.test_meeting_credits.TestAdminCompanyCredits" name="test_company_credits_calculation_formula" time="0.455" /><testcase classname="backend.tests.test_meeting_credits.TestMemberCompanyCredits" name="test_get_member_company_credits" time="0.399" /><testcase classname="backend.tests.test_meeting_credits.TestMemberCompanyCredits" name="test_get_member_profile_includes_credits" time="0.404" /><testcase classname="backend.tests.test_meeting_credits.TestBookingCreditsDeduction" name="test_booking_deducts_credits" time="0.400"><skipped type="pytest.skip" message="Could not fetch meeting rooms">/app/backend/tests/test_meeting_credits.py:267: Could not fetch meeting rooms</skipped></testcase><testcase classname="backend.tests.test_meeting_credits.TestBookingCreditsDeduction" name="test_booking_cancellation_restores_credits" time="0.398"><skipped type="pytest.skip" message="Could not fetch meeting rooms">/app/backend/tests/test_meeting_credits.py:318: Could not fetch meeting rooms</skipped></testcase><testcase classname="backend.tests.test_meeting_credits.TestSpecificCompanyCredits" name="test_tbh_circle_credits" time="0.491" /><testcase classname="backend.tests.test_meeting_credits.TestSpecificCompanyCredits" name="test_apex_legal_eagles_credits" time="0.488" /></testsuite></testsuites>