<?xml version="1.0" encoding="utf-8"?><testsuites name="pytest tests"><testsuite name="pytest" errors="0" failures="0" skipped="0" tests="8" time="2.032" timestamp="2026-03-13T12:21:04.323296+00:00" hostname="agent-env-f1898965-5c13-4f60-92cb-0453606e1172"><testcase classname="tests.test_primary_member.TestAddMemberPrimaryValidation" name="test_add_member_with_primary_returns_409_when_primary_exists" time="0.658" /><testcase classname="tests.test_primary_member.TestAddMemberPrimaryValidation" name="test_add_member_with_replace_primary_true_replaces_existing" time="0.265" /><testcase classname="tests.test_primary_member.TestAddMemberPrimaryValidation" name="test_add_member_without_primary_succeeds" time="0.111" /><testcase classname="tests.test_primary_member.TestUpdateMemberPrimaryValidation" name="test_update_member_to_primary_returns_409_when_primary_exists" time="0.186" /><testcase classname="tests.test_primary_member.TestUpdateMemberPrimaryValidation" name="test_update_member_to_primary_with_replace_true_replaces_existing" time="0.310" /><testcase classname="tests.test_primary_member.TestUpdateMemberPrimaryValidation" name="test_update_existing_primary_member_keeps_primary" time="0.109" /><testcase classname="tests.test_primary_member.TestEdgeCases" name="test_409_response_structure" time="0.054" /><testcase classname="tests.test_primary_member.TestEdgeCases" name="test_add_primary_to_company_without_primary" time="0.225" /></testsuite></testsuites>