<?xml version="1.0" encoding="utf-8"?><testsuites name="pytest tests"><testsuite name="pytest" errors="0" failures="3" skipped="2" tests="24" time="5.331" timestamp="2026-03-09T19:17:18.139618+00:00" hostname="agent-env-d301f819-d0d5-4994-9783-cb7c1467edbb"><testcase classname="backend.tests.test_public_holidays.TestPublicHolidaysAPI" name="test_get_holidays_list" time="0.213" /><testcase classname="backend.tests.test_public_holidays.TestPublicHolidaysAPI" name="test_get_holidays_by_year" time="0.137" /><testcase classname="backend.tests.test_public_holidays.TestPublicHolidaysAPI" name="test_get_holiday_dates_only" time="0.114" /><testcase classname="backend.tests.test_public_holidays.TestPublicHolidaysAPI" name="test_get_holiday_dates_by_year" time="0.142" /><testcase classname="backend.tests.test_public_holidays.TestPublicHolidaysAPI" name="test_create_holiday_requires_auth" time="0.119" /><testcase classname="backend.tests.test_public_holidays.TestPublicHolidaysAPI" name="test_create_holiday_admin_only" time="0.453" /><testcase classname="backend.tests.test_public_holidays.TestPublicHolidaysAPI" name="test_create_holiday_invalid_date" time="0.120" /><testcase classname="backend.tests.test_public_holidays.TestPublicHolidaysAPI" name="test_update_holiday" time="0.264" /><testcase classname="backend.tests.test_public_holidays.TestPublicHolidaysAPI" name="test_update_holiday_not_found" time="0.141" /><testcase classname="backend.tests.test_public_holidays.TestPublicHolidaysAPI" name="test_toggle_holiday_active_status" time="0.377" /><testcase classname="backend.tests.test_public_holidays.TestDefaultHolidays" name="test_2025_holidays_seeded" time="0.121" /><testcase classname="backend.tests.test_public_holidays.TestDefaultHolidays" name="test_2026_holidays_seeded" time="0.123" /><testcase classname="backend.tests.test_public_holidays.TestDefaultHolidays" name="test_holi_2026_date" time="0.128"><failure message="AssertionError: Holi 2026 date incorrect: 2026-03-04&#10;assert '2026-03-04' == '2026-03-10'&#10;  &#10;  - 2026-03-10&#10;  ?         -&#10;  + 2026-03-04&#10;  ?          +">backend/tests/test_public_holidays.py:269: in test_holi_2026_date
    assert holi["date"] == "2026-03-10", f"Holi 2026 date incorrect: {holi['date']}"
E   AssertionError: Holi 2026 date incorrect: 2026-03-04
E   assert '2026-03-04' == '2026-03-10'
E     
E     - 2026-03-10
E     ?         -
E     + 2026-03-04
E     ?          +</failure></testcase><testcase classname="backend.tests.test_public_holidays.TestDefaultHolidays" name="test_independence_day_2026_date" time="0.117" /><testcase classname="backend.tests.test_public_holidays.TestBookingBlockingOnHolidays" name="test_availability_blocked_on_holi_2026" time="0.274"><failure message="AssertionError: Slots should be empty on public holiday&#10;assert [{'end_time':...'15:00'}, ...] == []&#10;  &#10;  Left contains 9 more items, first extra item: {'end_time': '11:00', 'is_available': True, 'start_time': '10:00'}&#10;  &#10;  Full diff:&#10;  - []&#10;  + [&#10;  +     {...&#10;  &#10;  ...Full output truncated (45 lines hidden), use '-vv' to show">backend/tests/test_public_holidays.py:304: in test_availability_blocked_on_holi_2026
    assert data["slots"] == [], "Slots should be empty on public holiday"
E   AssertionError: Slots should be empty on public holiday
E   assert [{'end_time':...'15:00'}, ...] == []
E     
E     Left contains 9 more items, first extra item: {'end_time': '11:00', 'is_available': True, 'start_time': '10:00'}
E     
E     Full diff:
E     - []
E     + [
E     +     {...
E     
E     ...Full output truncated (45 lines hidden), use '-vv' to show</failure></testcase><testcase classname="backend.tests.test_public_holidays.TestBookingBlockingOnHolidays" name="test_availability_blocked_on_independence_day_2026" time="0.277" /><testcase classname="backend.tests.test_public_holidays.TestBookingBlockingOnHolidays" name="test_availability_blocked_on_sunday" time="0.260" /><testcase classname="backend.tests.test_public_holidays.TestBookingBlockingOnHolidays" name="test_availability_available_on_weekday" time="0.300" /><testcase classname="backend.tests.test_public_holidays.TestBookingBlockingOnHolidays" name="test_booking_rejected_on_holiday" time="0.371"><failure message="assert 200 == 400&#10; +  where 200 = &lt;Response [200]&gt;.status_code">backend/tests/test_public_holidays.py:403: in test_booking_rejected_on_holiday
    assert response.status_code == 400
E   assert 200 == 400
E    +  where 200 = &lt;Response [200]&gt;.status_code</failure></testcase><testcase classname="backend.tests.test_public_holidays.TestBookingBlockingOnHolidays" name="test_booking_rejected_on_sunday" time="0.345" /><testcase classname="backend.tests.test_public_holidays.TestMemberPortalHolidayBlocking" name="test_member_availability_blocked_on_holiday" time="0.369"><skipped type="pytest.skip" message="Member login failed: {&quot;detail&quot;:&quot;Member record not found&quot;}">/app/backend/tests/test_public_holidays.py:476: Member login failed: {"detail":"Member record not found"}</skipped></testcase><testcase classname="backend.tests.test_public_holidays.TestMemberPortalHolidayBlocking" name="test_member_booking_rejected_on_holiday" time="0.000"><skipped type="pytest.skip" message="Member login failed: {&quot;detail&quot;:&quot;Member record not found&quot;}">/app/backend/tests/test_public_holidays.py:504: Member login failed: {"detail":"Member record not found"}</skipped></testcase><testcase classname="backend.tests.test_public_holidays.TestDeleteHoliday" name="test_delete_test_holiday" time="0.247" /><testcase classname="backend.tests.test_public_holidays.TestDeleteHoliday" name="test_delete_holiday_not_found" time="0.151" /></testsuite></testsuites>