<?xml version="1.0" encoding="utf-8"?><testsuites name="pytest tests"><testsuite name="pytest" errors="0" failures="1" skipped="2" tests="24" time="5.829" timestamp="2026-03-09T19:18:11.385643+00:00" hostname="agent-env-d301f819-d0d5-4994-9783-cb7c1467edbb"><testcase classname="backend.tests.test_public_holidays.TestPublicHolidaysAPI" name="test_get_holidays_list" time="0.276" /><testcase classname="backend.tests.test_public_holidays.TestPublicHolidaysAPI" name="test_get_holidays_by_year" time="0.107" /><testcase classname="backend.tests.test_public_holidays.TestPublicHolidaysAPI" name="test_get_holiday_dates_only" time="0.159" /><testcase classname="backend.tests.test_public_holidays.TestPublicHolidaysAPI" name="test_get_holiday_dates_by_year" time="0.121" /><testcase classname="backend.tests.test_public_holidays.TestPublicHolidaysAPI" name="test_create_holiday_requires_auth" time="0.185" /><testcase classname="backend.tests.test_public_holidays.TestPublicHolidaysAPI" name="test_create_holiday_admin_only" time="0.497" /><testcase classname="backend.tests.test_public_holidays.TestPublicHolidaysAPI" name="test_create_holiday_invalid_date" time="0.116" /><testcase classname="backend.tests.test_public_holidays.TestPublicHolidaysAPI" name="test_update_holiday" time="0.392" /><testcase classname="backend.tests.test_public_holidays.TestPublicHolidaysAPI" name="test_update_holiday_not_found" time="0.175" /><testcase classname="backend.tests.test_public_holidays.TestPublicHolidaysAPI" name="test_toggle_holiday_active_status" time="0.387" /><testcase classname="backend.tests.test_public_holidays.TestDefaultHolidays" name="test_2025_holidays_seeded" time="0.130" /><testcase classname="backend.tests.test_public_holidays.TestDefaultHolidays" name="test_2026_holidays_seeded" time="0.121" /><testcase classname="backend.tests.test_public_holidays.TestDefaultHolidays" name="test_holi_2026_exists" time="0.116" /><testcase classname="backend.tests.test_public_holidays.TestDefaultHolidays" name="test_independence_day_2026_date" time="0.134" /><testcase classname="backend.tests.test_public_holidays.TestBookingBlockingOnHolidays" name="test_availability_blocked_on_holi_2026" time="0.409" /><testcase classname="backend.tests.test_public_holidays.TestBookingBlockingOnHolidays" name="test_availability_blocked_on_independence_day_2026" time="0.241" /><testcase classname="backend.tests.test_public_holidays.TestBookingBlockingOnHolidays" name="test_availability_blocked_on_sunday" time="0.287" /><testcase classname="backend.tests.test_public_holidays.TestBookingBlockingOnHolidays" name="test_availability_available_on_weekday" time="0.231" /><testcase classname="backend.tests.test_public_holidays.TestBookingBlockingOnHolidays" name="test_booking_rejected_on_holiday" time="0.484"><failure message="AssertionError: assert ('Holi' in 'Cannot book in the past' or 'not available' in 'cannot book in the past')&#10; +  where 'cannot book in the past' = &lt;built-in method lower of str object at 0xfca73ff57d20&gt;()&#10; +    where &lt;built-in method lower of str object at 0xfca73ff57d20&gt; = 'Cannot book in the past'.lower">backend/tests/test_public_holidays.py:426: in test_booking_rejected_on_holiday
    assert "Holi" in error["detail"] or "not available" in error["detail"].lower()
E   AssertionError: assert ('Holi' in 'Cannot book in the past' or 'not available' in 'cannot book in the past')
E    +  where 'cannot book in the past' = &lt;built-in method lower of str object at 0xfca73ff57d20&gt;()
E    +    where &lt;built-in method lower of str object at 0xfca73ff57d20&gt; = 'Cannot book in the past'.lower</failure></testcase><testcase classname="backend.tests.test_public_holidays.TestBookingBlockingOnHolidays" name="test_booking_rejected_on_sunday" time="0.405" /><testcase classname="backend.tests.test_public_holidays.TestMemberPortalHolidayBlocking" name="test_member_availability_blocked_on_holiday" time="0.347"><skipped type="pytest.skip" message="Member login failed: {&quot;detail&quot;:&quot;Member record not found&quot;}">/app/backend/tests/test_public_holidays.py:496: Member login failed: {"detail":"Member record not found"}</skipped></testcase><testcase classname="backend.tests.test_public_holidays.TestMemberPortalHolidayBlocking" name="test_member_booking_rejected_on_holiday" time="0.000"><skipped type="pytest.skip" message="Member login failed: {&quot;detail&quot;:&quot;Member record not found&quot;}">/app/backend/tests/test_public_holidays.py:524: Member login failed: {"detail":"Member record not found"}</skipped></testcase><testcase classname="backend.tests.test_public_holidays.TestDeleteHoliday" name="test_delete_test_holiday" time="0.259" /><testcase classname="backend.tests.test_public_holidays.TestDeleteHoliday" name="test_delete_holiday_not_found" time="0.140" /></testsuite></testsuites>