<?xml version="1.0" encoding="utf-8"?><testsuites name="pytest tests"><testsuite name="pytest" errors="0" failures="1" skipped="0" tests="10" time="5.028" timestamp="2026-03-13T10:55:25.035939+00:00" hostname="agent-env-f1898965-5c13-4f60-92cb-0453606e1172"><testcase classname="tests.test_auto_invoice.TestAutoInvoiceEligibility" name="test_eligible_companies_january_2026" time="0.634"><failure message="AssertionError: Expected 1 eligible, got 0&#10;assert 0 == 1">tests/test_auto_invoice.py:47: in test_eligible_companies_january_2026
    assert data["eligible_count"] == 1, f"Expected 1 eligible, got {data['eligible_count']}"
E   AssertionError: Expected 1 eligible, got 0
E   assert 0 == 1</failure></testcase><testcase classname="tests.test_auto_invoice.TestAutoInvoiceEligibility" name="test_eligible_companies_april_2026" time="0.467" /><testcase classname="tests.test_auto_invoice.TestAutoInvoiceEligibility" name="test_eligible_companies_march_2026_existing_invoices" time="0.444" /><testcase classname="tests.test_auto_invoice.TestAutoInvoiceEligibility" name="test_due_date_calculation" time="0.482" /><testcase classname="tests.test_auto_invoice.TestAutoInvoiceEligibility" name="test_ineligible_reason_start_date_after_billing" time="0.506" /><testcase classname="tests.test_auto_invoice.TestAutoInvoiceEligibility" name="test_invalid_billing_month_format" time="0.511" /><testcase classname="tests.test_auto_invoice.TestAutoInvoiceEligibility" name="test_total_estimated_amount_includes_gst" time="0.448" /><testcase classname="tests.test_auto_invoice.TestAutoInvoiceGeneration" name="test_generate_respects_start_date_validation" time="0.448" /><testcase classname="tests.test_auto_invoice.TestAutoInvoiceGeneration" name="test_generate_returns_no_eligible_message" time="0.459" /><testcase classname="tests.test_auto_invoice.TestAutoInvoiceRuns" name="test_get_runs_returns_history" time="0.539" /></testsuite></testsuites>