<?xml version="1.0" encoding="utf-8"?><testsuites name="pytest tests"><testsuite name="pytest" errors="0" failures="0" skipped="0" tests="10" time="1.496" timestamp="2026-03-13T09:18:18.274013+00:00" hostname="agent-env-f1898965-5c13-4f60-92cb-0453606e1172"><testcase classname="backend.tests.test_birthdays.TestBirthdayAPI" name="test_birthday_endpoint_returns_200" time="0.284" /><testcase classname="backend.tests.test_birthdays.TestBirthdayAPI" name="test_birthday_endpoint_returns_list" time="0.113" /><testcase classname="backend.tests.test_birthdays.TestBirthdayAPI" name="test_birthday_response_has_required_fields" time="0.102" /><testcase classname="backend.tests.test_birthdays.TestBirthdayAPI" name="test_birthday_days_until_calculation" time="0.124" /><testcase classname="backend.tests.test_birthdays.TestBirthdayAPI" name="test_birthday_is_today_flag" time="0.109" /><testcase classname="backend.tests.test_birthdays.TestBirthdayAPI" name="test_birthday_sorted_by_days_until" time="0.102" /><testcase classname="backend.tests.test_birthdays.TestBirthdayAPI" name="test_birthday_days_parameter" time="0.238" /><testcase classname="backend.tests.test_birthdays.TestBirthdayAPI" name="test_birthday_phone_field_present" time="0.101" /><testcase classname="backend.tests.test_birthdays.TestBirthdayAPI" name="test_birthday_turning_age_calculation" time="0.097" /><testcase classname="backend.tests.test_birthdays.TestBirthdayAPI" name="test_specific_member_birthday" time="0.115" /></testsuite></testsuites>