<?xml version="1.0" encoding="utf-8"?><testsuites name="pytest tests"><testsuite name="pytest" errors="0" failures="0" skipped="0" tests="17" time="5.844" timestamp="2026-03-09T14:02:35.713209+00:00" hostname="agent-env-94a1aedd-65f1-4e7f-b287-c44abd06b0ca"><testcase classname="backend.tests.test_auth.TestAuthLogin" name="test_login_with_valid_admin_credentials" time="0.513" /><testcase classname="backend.tests.test_auth.TestAuthLogin" name="test_login_with_invalid_email" time="0.123" /><testcase classname="backend.tests.test_auth.TestAuthLogin" name="test_login_with_wrong_password" time="0.390" /><testcase classname="backend.tests.test_auth.TestAuthLogin" name="test_login_with_empty_credentials" time="0.184" /><testcase classname="backend.tests.test_auth.TestAuthMe" name="test_get_current_user_with_valid_token" time="0.490" /><testcase classname="backend.tests.test_auth.TestAuthMe" name="test_get_current_user_without_token" time="0.168" /><testcase classname="backend.tests.test_auth.TestAuthMe" name="test_get_current_user_with_invalid_token" time="0.119" /><testcase classname="backend.tests.test_auth.TestUserManagement" name="test_get_users_list_as_admin" time="0.451" /><testcase classname="backend.tests.test_auth.TestUserManagement" name="test_get_users_list_without_auth" time="0.103" /><testcase classname="backend.tests.test_auth.TestUserManagement" name="test_create_new_user_as_admin" time="0.682" /><testcase classname="backend.tests.test_auth.TestUserManagement" name="test_create_user_with_invalid_role" time="0.525" /><testcase classname="backend.tests.test_auth.TestUserManagement" name="test_toggle_user_status" time="0.703" /><testcase classname="backend.tests.test_auth.TestChangePassword" name="test_change_password_with_wrong_current" time="0.708" /><testcase classname="backend.tests.test_auth.TestChangePassword" name="test_change_password_without_auth" time="0.139" /><testcase classname="backend.tests.test_auth.TestProtectedRoutes" name="test_stats_endpoint_accessible" time="0.127" /><testcase classname="backend.tests.test_auth.TestProtectedRoutes" name="test_clients_endpoint_accessible" time="0.116" /><testcase classname="backend.tests.test_auth.TestProtectedRoutes" name="test_invoices_endpoint_accessible" time="0.101" /></testsuite></testsuites>