<?xml version="1.0" encoding="utf-8"?><testsuites name="pytest tests"><testsuite name="pytest" errors="0" failures="0" skipped="0" tests="16" time="11.174" timestamp="2026-04-13T08:07:07.714252+00:00" hostname="agent-env-083332de-57fb-4913-88f5-7444b72757ea"><testcase classname="backend.tests.test_refactored_code.TestAdminAuth" name="test_admin_login_success" time="0.452" /><testcase classname="backend.tests.test_refactored_code.TestAdminAuth" name="test_admin_login_invalid_credentials" time="0.113" /><testcase classname="backend.tests.test_refactored_code.TestMemberAuth" name="test_member_login_success" time="0.343" /><testcase classname="backend.tests.test_refactored_code.TestMemberAuth" name="test_member_login_invalid_credentials" time="0.093" /><testcase classname="backend.tests.test_refactored_code.TestAutoInvoiceRefactored" name="test_generate_endpoint_exists" time="2.579" /><testcase classname="backend.tests.test_refactored_code.TestAutoInvoiceRefactored" name="test_generate_returns_result_structure" time="2.310" /><testcase classname="backend.tests.test_refactored_code.TestAutoInvoiceRefactored" name="test_generate_invalid_billing_month" time="0.450" /><testcase classname="backend.tests.test_refactored_code.TestAutoInvoiceRefactored" name="test_runs_endpoint_returns_list" time="0.454" /><testcase classname="backend.tests.test_refactored_code.TestImportRefactored" name="test_import_clients_endpoint_exists" time="0.435" /><testcase classname="backend.tests.test_refactored_code.TestImportRefactored" name="test_import_clients_returns_result_structure" time="0.447" /><testcase classname="backend.tests.test_refactored_code.TestImportRefactored" name="test_import_clients_with_valid_data" time="0.716" /><testcase classname="backend.tests.test_refactored_code.TestImportRefactored" name="test_import_clients_duplicate_company" time="0.803" /><testcase classname="backend.tests.test_refactored_code.TestCompaniesEndpoint" name="test_get_companies_returns_list" time="0.468" /><testcase classname="backend.tests.test_refactored_code.TestCompaniesEndpoint" name="test_get_companies_structure" time="0.450" /><testcase classname="backend.tests.test_refactored_code.TestInvoicesEndpoint" name="test_get_invoices_returns_list" time="0.511" /><testcase classname="backend.tests.test_refactored_code.TestInvoicesEndpoint" name="test_get_invoices_structure" time="0.501" /></testsuite></testsuites>