<?xml version="1.0" encoding="utf-8"?><testsuites name="pytest tests"><testsuite name="pytest" errors="0" failures="0" skipped="1" tests="12" time="6.348" timestamp="2026-03-11T05:22:07.990216+00:00" hostname="agent-env-cb0dc678-db51-4339-8fe4-574d7bb1a015"><testcase classname="tests.test_import_lla.TestAuth" name="test_admin_login" time="0.608" /><testcase classname="tests.test_import_lla.TestImportClients" name="test_import_requires_auth" time="0.113" /><testcase classname="tests.test_import_lla.TestImportClients" name="test_import_single_client" time="0.702" /><testcase classname="tests.test_import_lla.TestImportClients" name="test_import_multiple_clients" time="0.833" /><testcase classname="tests.test_import_lla.TestImportClients" name="test_import_duplicate_company_rejected" time="0.797" /><testcase classname="tests.test_import_lla.TestImportClients" name="test_import_missing_company_name_rejected" time="0.482" /><testcase classname="tests.test_import_lla.TestCompaniesAPI" name="test_get_companies_requires_auth" time="0.140" /><testcase classname="tests.test_import_lla.TestCompaniesAPI" name="test_get_companies_list" time="0.444" /><testcase classname="tests.test_import_lla.TestCompaniesAPI" name="test_get_company_by_id" time="0.437"><skipped type="pytest.skip" message="No companies available to test">/app/backend/tests/test_import_lla.py:295: No companies available to test</skipped></testcase><testcase classname="tests.test_import_lla.TestCompaniesAPI" name="test_get_company_not_found" time="0.445" /><testcase classname="tests.test_import_lla.TestCompaniesAPI" name="test_filter_companies_by_status" time="0.484" /><testcase classname="tests.test_import_lla.TestLLADataIntegrity" name="test_import_preserves_lla_fields" time="0.694" /></testsuite></testsuites>