<?xml version="1.0" encoding="utf-8"?><testsuites name="pytest tests"><testsuite name="pytest" errors="0" failures="3" skipped="0" tests="10" time="4.927" timestamp="2026-03-13T10:54:17.596220+00:00" hostname="agent-env-f1898965-5c13-4f60-92cb-0453606e1172"><testcase classname="tests.test_auto_invoice.TestAutoInvoiceEligibility" name="test_eligible_companies_january_2026" time="0.639" /><testcase classname="tests.test_auto_invoice.TestAutoInvoiceEligibility" name="test_eligible_companies_april_2026" time="0.488" /><testcase classname="tests.test_auto_invoice.TestAutoInvoiceEligibility" name="test_eligible_companies_march_2026_existing_invoices" time="0.484"><failure message="AssertionError: Expected 'Invoice already exists' reason for Golden Rise International&#10;assert 'Invoice already exists' in 'Start date (2026-04-01) is after billing period (2026-03)'&#10; +  where 'Start date (2026-04-01) is after billing period (2026-03)' = &lt;built-in method get of dict object at 0xfb8620be7900&gt;('reason', '')&#10; +    where &lt;built-in method get of dict object at 0xfb8620be7900&gt; = {'company_name': 'Golden Rise International', 'id': 'b300720d-4282-4ea1-b87a-de89a7102587', 'plan_name': 'Open Desk', 'reason': 'Start date (2026-04-01) is after billing period (2026-03)', ...}.get">tests/test_auto_invoice.py:80: in test_eligible_companies_march_2026_existing_invoices
    assert "Invoice already exists" in company.get("reason", ""), f"Expected 'Invoice already exists' reason for {company['company_name']}"
E   AssertionError: Expected 'Invoice already exists' reason for Golden Rise International
E   assert 'Invoice already exists' in 'Start date (2026-04-01) is after billing period (2026-03)'
E    +  where 'Start date (2026-04-01) is after billing period (2026-03)' = &lt;built-in method get of dict object at 0xfb8620be7900&gt;('reason', '')
E    +    where &lt;built-in method get of dict object at 0xfb8620be7900&gt; = {'company_name': 'Golden Rise International', 'id': 'b300720d-4282-4ea1-b87a-de89a7102587', 'plan_name': 'Open Desk', 'reason': 'Start date (2026-04-01) is after billing period (2026-03)', ...}.get</failure></testcase><testcase classname="tests.test_auto_invoice.TestAutoInvoiceEligibility" name="test_due_date_calculation" time="0.475" /><testcase classname="tests.test_auto_invoice.TestAutoInvoiceEligibility" name="test_ineligible_reason_start_date_after_billing" time="0.454" /><testcase classname="tests.test_auto_invoice.TestAutoInvoiceEligibility" name="test_invalid_billing_month_format" time="0.452" /><testcase classname="tests.test_auto_invoice.TestAutoInvoiceEligibility" name="test_total_estimated_amount_includes_gst" time="0.448" /><testcase classname="tests.test_auto_invoice.TestAutoInvoiceGeneration" name="test_generate_respects_start_date_validation" time="0.467"><failure message="AssertionError: Unexpected status: 500&#10;assert 500 in [200, 404]&#10; +  where 500 = &lt;Response [500]&gt;.status_code">tests/test_auto_invoice.py:162: in test_generate_respects_start_date_validation
    assert resp.status_code in [200, 404], f"Unexpected status: {resp.status_code}"
E   AssertionError: Unexpected status: 500
E   assert 500 in [200, 404]
E    +  where 500 = &lt;Response [500]&gt;.status_code</failure></testcase><testcase classname="tests.test_auto_invoice.TestAutoInvoiceGeneration" name="test_generate_returns_no_eligible_message" time="0.441"><failure message="assert 500 == 200&#10; +  where 500 = &lt;Response [500]&gt;.status_code">tests/test_auto_invoice.py:180: in test_generate_returns_no_eligible_message
    assert resp.status_code == 200
E   assert 500 == 200
E    +  where 500 = &lt;Response [500]&gt;.status_code</failure></testcase><testcase classname="tests.test_auto_invoice.TestAutoInvoiceRuns" name="test_get_runs_returns_history" time="0.462" /></testsuite></testsuites>