<?xml version="1.0" encoding="utf-8"?><testsuites name="pytest tests"><testsuite name="pytest" errors="0" failures="0" skipped="0" tests="8" time="3.970" timestamp="2026-03-11T09:17:54.500979+00:00" hostname="agent-env-57b3a39c-5ddc-4129-a67a-65ecbb7cc1c6"><testcase classname="backend.tests.test_invoice_edit.TestInvoiceEdit" name="test_get_existing_invoice" time="0.631" /><testcase classname="backend.tests.test_invoice_edit.TestInvoiceEdit" name="test_edit_invoice_due_date" time="0.522" /><testcase classname="backend.tests.test_invoice_edit.TestInvoiceEdit" name="test_edit_invoice_notes" time="0.490" /><testcase classname="backend.tests.test_invoice_edit.TestInvoiceEdit" name="test_edit_invoice_line_items" time="0.499" /><testcase classname="backend.tests.test_invoice_edit.TestInvoiceEdit" name="test_edit_invoice_add_line_item" time="0.439" /><testcase classname="backend.tests.test_invoice_edit.TestInvoiceEdit" name="test_edit_invoice_not_found" time="0.368" /><testcase classname="backend.tests.test_invoice_edit.TestInvoiceEdit" name="test_edit_invoice_empty_line_items" time="0.422" /><testcase classname="backend.tests.test_invoice_edit.TestCreateInvoiceDescription" name="test_create_invoice_with_service_type_description" time="0.491" /></testsuite></testsuites>