<?xml version="1.0" encoding="utf-8"?><testsuites name="pytest tests"><testsuite name="pytest" errors="0" failures="0" skipped="1" tests="8" time="3.678" timestamp="2026-03-14T07:50:12.740452+00:00" hostname="agent-env-629b865d-7e05-4d2a-b98d-3507e9159fa8"><testcase classname="backend.tests.test_invoice_format_and_rules.TestInvoiceNumberFormat" name="test_invoice_number_format_april_to_december" time="0.672" /><testcase classname="backend.tests.test_invoice_format_and_rules.TestInvoiceNumberFormat" name="test_invoice_number_format_january_to_march" time="0.504" /><testcase classname="backend.tests.test_invoice_format_and_rules.TestGSTRoundOff" name="test_invoice_has_round_off_adjustment_field" time="0.497" /><testcase classname="backend.tests.test_invoice_format_and_rules.TestGSTRoundOff" name="test_round_off_calculation_accuracy" time="0.494" /><testcase classname="backend.tests.test_invoice_format_and_rules.TestCreditPricing" name="test_conference_room_credit_cost" time="0.457" /><testcase classname="backend.tests.test_invoice_format_and_rules.TestCreditPricing" name="test_meeting_room_credit_cost" time="0.398" /><testcase classname="backend.tests.test_invoice_format_and_rules.TestCancellationPolicy" name="test_cancellation_policy_exists_in_response" time="0.472"><skipped type="pytest.skip" message="No available slots for tomorrow">/app/backend/tests/test_invoice_format_and_rules.py:376: No available slots for tomorrow</skipped></testcase><testcase classname="backend.tests.test_invoice_format_and_rules.TestMeetingRoomLabel" name="test_frontend_label_in_code" time="0.000" /></testsuite></testsuites>