<?xml version="1.0" encoding="utf-8"?><testsuites name="pytest tests"><testsuite name="pytest" errors="0" failures="0" skipped="0" tests="10" time="5.088" timestamp="2026-03-13T10:29:58.007970+00:00" hostname="agent-env-f1898965-5c13-4f60-92cb-0453606e1172"><testcase classname="backend.tests.test_meeting_credits.TestAdminCompanyCredits" name="test_get_companies_list_has_credits_fields" time="0.575" /><testcase classname="backend.tests.test_meeting_credits.TestAdminCompanyCredits" name="test_get_company_by_id_returns_credits_fields" time="0.455" /><testcase classname="backend.tests.test_meeting_credits.TestAdminCompanyCredits" name="test_get_company_credits_endpoint" time="0.444" /><testcase classname="backend.tests.test_meeting_credits.TestAdminCompanyCredits" name="test_company_credits_calculation_formula" time="0.482" /><testcase classname="backend.tests.test_meeting_credits.TestMemberCompanyCredits" name="test_get_member_company_credits" time="0.401" /><testcase classname="backend.tests.test_meeting_credits.TestMemberCompanyCredits" name="test_get_member_profile_includes_credits" time="0.398" /><testcase classname="backend.tests.test_meeting_credits.TestBookingCreditsDeduction" name="test_booking_deducts_credits" time="0.668" /><testcase classname="backend.tests.test_meeting_credits.TestBookingCreditsDeduction" name="test_booking_cancellation_restores_credits" time="0.671" /><testcase classname="backend.tests.test_meeting_credits.TestSpecificCompanyCredits" name="test_tbh_circle_credits" time="0.473" /><testcase classname="backend.tests.test_meeting_credits.TestSpecificCompanyCredits" name="test_apex_legal_eagles_credits" time="0.453" /></testsuite></testsuites>