<?xml version="1.0" encoding="utf-8"?><testsuites name="pytest tests"><testsuite name="pytest" errors="0" failures="0" skipped="0" tests="6" time="3.458" timestamp="2026-03-14T08:16:44.908576+00:00" hostname="agent-env-629b865d-7e05-4d2a-b98d-3507e9159fa8"><testcase classname="backend.tests.test_dynamic_credits.TestAdminDynamicCredits" name="test_companies_list_returns_dynamic_credits_used" time="0.635" /><testcase classname="backend.tests.test_dynamic_credits.TestAdminDynamicCredits" name="test_company_details_returns_dynamic_credits_used" time="0.523" /><testcase classname="backend.tests.test_dynamic_credits.TestAdminDynamicCredits" name="test_company_credits_endpoint_returns_dynamic_credits" time="0.841" /><testcase classname="backend.tests.test_dynamic_credits.TestMemberDynamicCredits" name="test_member_profile_returns_dynamic_credits" time="0.437" /><testcase classname="backend.tests.test_dynamic_credits.TestMemberDynamicCredits" name="test_member_company_credits_returns_dynamic_credits" time="0.439" /><testcase classname="backend.tests.test_dynamic_credits.TestCreditCalculationLogic" name="test_credit_calculation_from_bookings" time="0.519" /></testsuite></testsuites>