<?xml version="1.0" encoding="utf-8"?><testsuites name="pytest tests"><testsuite name="pytest" errors="0" failures="7" skipped="9" tests="31" time="4.922" timestamp="2026-03-09T14:55:12.588280+00:00" hostname="agent-env-94a1aedd-65f1-4e7f-b287-c44abd06b0ca"><testcase classname="backend.tests.test_management.TestPlanTypes" name="test_get_plans_list" time="0.359" /><testcase classname="backend.tests.test_management.TestPlanTypes" name="test_plan_has_correct_structure" time="0.217" /><testcase classname="backend.tests.test_management.TestPlanTypes" name="test_verify_default_plan_rates" time="0.142" /><testcase classname="backend.tests.test_management.TestMeetingRooms" name="test_get_rooms_list" time="0.117" /><testcase classname="backend.tests.test_management.TestMeetingRooms" name="test_verify_room_rates_and_slots" time="0.156" /><testcase classname="backend.tests.test_management.TestMembers" name="test_get_members_list" time="0.533" /><testcase classname="backend.tests.test_management.TestMembers" name="test_create_member_with_plan" time="0.309"><failure message="AssertionError: Expected 200, got 500: Internal Server Error&#10;assert 500 == 200&#10; +  where 500 = &lt;Response [500]&gt;.status_code">backend/tests/test_management.py:167: in test_create_member_with_plan
    assert response.status_code == 200, f"Expected 200, got {response.status_code}: {response.text}"
E   AssertionError: Expected 200, got 500: Internal Server Error
E   assert 500 == 200
E    +  where 500 = &lt;Response [500]&gt;.status_code</failure></testcase><testcase classname="backend.tests.test_management.TestMembers" name="test_create_member_with_custom_rate" time="0.253"><failure message="AssertionError: Expected 200, got 500: Internal Server Error&#10;assert 500 == 200&#10; +  where 500 = &lt;Response [500]&gt;.status_code">backend/tests/test_management.py:195: in test_create_member_with_custom_rate
    assert response.status_code == 200, f"Expected 200, got {response.status_code}: {response.text}"
E   AssertionError: Expected 200, got 500: Internal Server Error
E   assert 500 == 200
E    +  where 500 = &lt;Response [500]&gt;.status_code</failure></testcase><testcase classname="backend.tests.test_management.TestMembers" name="test_create_member_with_discount" time="0.241"><failure message="AssertionError: Expected 200, got 500: Internal Server Error&#10;assert 500 == 200&#10; +  where 500 = &lt;Response [500]&gt;.status_code">backend/tests/test_management.py:219: in test_create_member_with_discount
    assert response.status_code == 200, f"Expected 200, got {response.status_code}: {response.text}"
E   AssertionError: Expected 200, got 500: Internal Server Error
E   assert 500 == 200
E    +  where 500 = &lt;Response [500]&gt;.status_code</failure></testcase><testcase classname="backend.tests.test_management.TestMembers" name="test_update_member" time="0.000"><skipped type="pytest.skip" message="No member created to update">/app/backend/tests/test_management.py:231: No member created to update</skipped></testcase><testcase classname="backend.tests.test_management.TestMembers" name="test_get_member_by_id" time="0.000"><skipped type="pytest.skip" message="No member created to get">/app/backend/tests/test_management.py:253: No member created to get</skipped></testcase><testcase classname="backend.tests.test_management.TestMembers" name="test_filter_members_by_status" time="0.135" /><testcase classname="backend.tests.test_management.TestBookings" name="test_get_bookings_list" time="0.129" /><testcase classname="backend.tests.test_management.TestBookings" name="test_check_room_availability" time="0.232" /><testcase classname="backend.tests.test_management.TestBookings" name="test_create_booking" time="0.430"><failure message="requests.exceptions.JSONDecodeError: Expecting value: line 1 column 1 (char 0)">/root/.venv/lib/python3.11/site-packages/requests/models.py:976: in json
    return complexjson.loads(self.text, **kwargs)
           ^^^^^^^^^^^^^^^^^^^^^^^^^^^^^^^^^^^^^^
/usr/local/lib/python3.11/json/__init__.py:346: in loads
    return _default_decoder.decode(s)
           ^^^^^^^^^^^^^^^^^^^^^^^^^^
/usr/local/lib/python3.11/json/decoder.py:337: in decode
    obj, end = self.raw_decode(s, idx=_w(s, 0).end())
               ^^^^^^^^^^^^^^^^^^^^^^^^^^^^^^^^^^^^^^
/usr/local/lib/python3.11/json/decoder.py:355: in raw_decode
    raise JSONDecodeError("Expecting value", s, err.value) from None
E   json.decoder.JSONDecodeError: Expecting value: line 1 column 1 (char 0)

During handling of the above exception, another exception occurred:
backend/tests/test_management.py:348: in test_create_booking
    test_member = member_response.json()
                  ^^^^^^^^^^^^^^^^^^^^^^
/root/.venv/lib/python3.11/site-packages/requests/models.py:980: in json
    raise RequestsJSONDecodeError(e.msg, e.doc, e.pos)
E   requests.exceptions.JSONDecodeError: Expecting value: line 1 column 1 (char 0)</failure></testcase><testcase classname="backend.tests.test_management.TestBookings" name="test_booking_conflict_detection" time="0.000"><skipped type="pytest.skip" message="No booking created to test conflict">/app/backend/tests/test_management.py:389: No booking created to test conflict</skipped></testcase><testcase classname="backend.tests.test_management.TestBookings" name="test_cancel_booking" time="0.000"><skipped type="pytest.skip" message="No booking created to cancel">/app/backend/tests/test_management.py:419: No booking created to cancel</skipped></testcase><testcase classname="backend.tests.test_management.TestTickets" name="test_get_tickets_list" time="0.119" /><testcase classname="backend.tests.test_management.TestTickets" name="test_create_ticket_with_category_priority" time="0.140"><failure message="AssertionError: Expected 200, got 500: Internal Server Error&#10;assert 500 == 200&#10; +  where 500 = &lt;Response [500]&gt;.status_code">backend/tests/test_management.py:457: in test_create_ticket_with_category_priority
    assert response.status_code == 200, f"Expected 200, got {response.status_code}: {response.text}"
E   AssertionError: Expected 200, got 500: Internal Server Error
E   assert 500 == 200
E    +  where 500 = &lt;Response [500]&gt;.status_code</failure></testcase><testcase classname="backend.tests.test_management.TestTickets" name="test_create_ticket_with_member" time="0.113"><skipped type="pytest.skip" message="No members available">/app/backend/tests/test_management.py:476: No members available</skipped></testcase><testcase classname="backend.tests.test_management.TestTickets" name="test_update_ticket_status" time="0.000"><skipped type="pytest.skip" message="No ticket created to update">/app/backend/tests/test_management.py:497: No ticket created to update</skipped></testcase><testcase classname="backend.tests.test_management.TestTickets" name="test_resolve_ticket" time="0.000"><skipped type="pytest.skip" message="No ticket created to resolve">/app/backend/tests/test_management.py:517: No ticket created to resolve</skipped></testcase><testcase classname="backend.tests.test_management.TestTickets" name="test_filter_tickets_by_status" time="0.148" /><testcase classname="backend.tests.test_management.TestAnnouncements" name="test_get_announcements_list" time="0.230" /><testcase classname="backend.tests.test_management.TestAnnouncements" name="test_create_announcement" time="0.111"><failure message="AssertionError: Expected 200, got 500: Internal Server Error&#10;assert 500 == 200&#10; +  where 500 = &lt;Response [500]&gt;.status_code">backend/tests/test_management.py:576: in test_create_announcement
    assert response.status_code == 200, f"Expected 200, got {response.status_code}: {response.text}"
E   AssertionError: Expected 200, got 500: Internal Server Error
E   assert 500 == 200
E    +  where 500 = &lt;Response [500]&gt;.status_code</failure></testcase><testcase classname="backend.tests.test_management.TestAnnouncements" name="test_create_pinned_announcement" time="0.117"><failure message="AssertionError: Expected 200, got 500: Internal Server Error&#10;assert 500 == 200&#10; +  where 500 = &lt;Response [500]&gt;.status_code">backend/tests/test_management.py:597: in test_create_pinned_announcement
    assert response.status_code == 200, f"Expected 200, got {response.status_code}: {response.text}"
E   AssertionError: Expected 200, got 500: Internal Server Error
E   assert 500 == 200
E    +  where 500 = &lt;Response [500]&gt;.status_code</failure></testcase><testcase classname="backend.tests.test_management.TestAnnouncements" name="test_update_announcement_pin_status" time="0.000"><skipped type="pytest.skip" message="No announcement created to update">/app/backend/tests/test_management.py:606: No announcement created to update</skipped></testcase><testcase classname="backend.tests.test_management.TestAnnouncements" name="test_delete_announcement" time="0.000"><skipped type="pytest.skip" message="No announcement created to delete">/app/backend/tests/test_management.py:629: No announcement created to delete</skipped></testcase><testcase classname="backend.tests.test_management.TestManagementStats" name="test_get_management_stats" time="0.125" /><testcase classname="backend.tests.test_management.TestCleanup" name="test_cleanup_test_members" time="0.127" /><testcase classname="backend.tests.test_management.TestCleanup" name="test_cleanup_test_announcements" time="0.112" /></testsuite></testsuites>