<?xml version="1.0" encoding="utf-8"?><testsuites name="pytest tests"><testsuite name="pytest" errors="0" failures="0" skipped="0" tests="12" time="7.572" timestamp="2026-03-09T17:36:15.902128+00:00" hostname="agent-env-e5fb5f6f-4497-4be3-ba09-9133b83c7f0f"><testcase classname="backend.tests.test_booking_rules.TestBookingRules" name="test_slots_are_10am_to_6pm" time="0.990" /><testcase classname="backend.tests.test_booking_rules.TestBookingRules" name="test_booking_within_10_days_allowed" time="0.855" /><testcase classname="backend.tests.test_booking_rules.TestBookingRules" name="test_booking_beyond_10_days_rejected" time="0.709" /><testcase classname="backend.tests.test_booking_rules.TestBookingRules" name="test_booking_in_past_rejected" time="0.714" /><testcase classname="backend.tests.test_booking_rules.TestBookingRules" name="test_cancellation_2_days_before_allowed" time="0.845" /><testcase classname="backend.tests.test_booking_rules.TestBookingRules" name="test_multi_slot_booking" time="0.846" /><testcase classname="backend.tests.test_booking_rules.TestBookingRules" name="test_slot_conflict_detection" time="1.036" /><testcase classname="backend.tests.test_booking_rules.TestAdminRouting" name="test_admin_login_endpoint" time="0.339" /><testcase classname="backend.tests.test_booking_rules.TestAdminRouting" name="test_management_endpoints_require_auth" time="0.135" /><testcase classname="backend.tests.test_booking_rules.TestAdminRouting" name="test_rooms_endpoint_public" time="0.113" /><testcase classname="backend.tests.test_booking_rules.TestMemberPortalRouting" name="test_member_login_endpoint" time="0.353" /><testcase classname="backend.tests.test_booking_rules.TestMemberPortalRouting" name="test_member_booking_availability" time="0.584" /></testsuite></testsuites>