<?xml version="1.0" encoding="utf-8"?><testsuites name="pytest tests"><testsuite name="pytest" errors="0" failures="0" skipped="0" tests="31" time="6.009" timestamp="2026-03-09T14:59:11.618223+00:00" hostname="agent-env-94a1aedd-65f1-4e7f-b287-c44abd06b0ca"><testcase classname="backend.tests.test_management.TestPlanTypes" name="test_get_plans_list" time="0.169" /><testcase classname="backend.tests.test_management.TestPlanTypes" name="test_plan_has_correct_structure" time="0.116" /><testcase classname="backend.tests.test_management.TestPlanTypes" name="test_verify_default_plan_rates" time="0.125" /><testcase classname="backend.tests.test_management.TestMeetingRooms" name="test_get_rooms_list" time="0.134" /><testcase classname="backend.tests.test_management.TestMeetingRooms" name="test_verify_room_rates_and_slots" time="0.121" /><testcase classname="backend.tests.test_management.TestMembers" name="test_get_members_list" time="0.468" /><testcase classname="backend.tests.test_management.TestMembers" name="test_create_member_with_plan" time="0.262" /><testcase classname="backend.tests.test_management.TestMembers" name="test_create_member_with_custom_rate" time="0.235" /><testcase classname="backend.tests.test_management.TestMembers" name="test_create_member_with_discount" time="0.235" /><testcase classname="backend.tests.test_management.TestMembers" name="test_update_member" time="0.125" /><testcase classname="backend.tests.test_management.TestMembers" name="test_get_member_by_id" time="0.122" /><testcase classname="backend.tests.test_management.TestMembers" name="test_filter_members_by_status" time="0.113" /><testcase classname="backend.tests.test_management.TestBookings" name="test_get_bookings_list" time="0.108" /><testcase classname="backend.tests.test_management.TestBookings" name="test_check_room_availability" time="0.249" /><testcase classname="backend.tests.test_management.TestBookings" name="test_create_booking" time="0.437" /><testcase classname="backend.tests.test_management.TestBookings" name="test_booking_conflict_detection" time="0.434" /><testcase classname="backend.tests.test_management.TestBookings" name="test_cancel_booking" time="0.115" /><testcase classname="backend.tests.test_management.TestTickets" name="test_get_tickets_list" time="0.124" /><testcase classname="backend.tests.test_management.TestTickets" name="test_create_ticket_with_category_priority" time="0.141" /><testcase classname="backend.tests.test_management.TestTickets" name="test_create_ticket_with_member" time="0.222" /><testcase classname="backend.tests.test_management.TestTickets" name="test_update_ticket_status" time="0.115" /><testcase classname="backend.tests.test_management.TestTickets" name="test_resolve_ticket" time="0.131" /><testcase classname="backend.tests.test_management.TestTickets" name="test_filter_tickets_by_status" time="0.107" /><testcase classname="backend.tests.test_management.TestAnnouncements" name="test_get_announcements_list" time="0.112" /><testcase classname="backend.tests.test_management.TestAnnouncements" name="test_create_announcement" time="0.148" /><testcase classname="backend.tests.test_management.TestAnnouncements" name="test_create_pinned_announcement" time="0.140" /><testcase classname="backend.tests.test_management.TestAnnouncements" name="test_update_announcement_pin_status" time="0.112" /><testcase classname="backend.tests.test_management.TestAnnouncements" name="test_delete_announcement" time="0.105" /><testcase classname="backend.tests.test_management.TestManagementStats" name="test_get_management_stats" time="0.153" /><testcase classname="backend.tests.test_management.TestCleanup" name="test_cleanup_test_members" time="0.445" /><testcase classname="backend.tests.test_management.TestCleanup" name="test_cleanup_test_announcements" time="0.222" /></testsuite></testsuites>